c:\users\chad\documents\visual studio 2013\projects\spacesimulator\spacesimulator\debug\vc120.pdb
c:\users\chad\documents\visual studio 2013\projects\spacesimulator\spacesimulator\debug\vc120.idb
c:\users\chad\documents\visual studio 2013\projects\spacesimulator\spacesimulator\debug\enginetest.obj
c:\users\chad\documents\visual studio 2013\projects\spacesimulator\spacesimulator\debug\initglew.obj
c:\users\chad\documents\visual studio 2013\projects\spacesimulator\spacesimulator\debug\initglut.obj
c:\users\chad\documents\visual studio 2013\projects\spacesimulator\spacesimulator\debug\iscenelistener.obj
c:\users\chad\documents\visual studio 2013\projects\spacesimulator\spacesimulator\debug\main.obj
c:\users\chad\documents\visual studio 2013\projects\spacesimulator\spacesimulator\debug\model.obj
c:\users\chad\documents\visual studio 2013\projects\spacesimulator\spacesimulator\debug\modelsmanager.obj
c:\users\chad\documents\visual studio 2013\projects\spacesimulator\spacesimulator\debug\physics.obj
c:\users\chad\documents\visual studio 2013\projects\spacesimulator\spacesimulator\debug\planet.obj
c:\users\chad\documents\visual studio 2013\projects\spacesimulator\spacesimulator\debug\planetmanager.obj
c:\users\chad\documents\visual studio 2013\projects\spacesimulator\spacesimulator\debug\pvector3.obj
c:\users\chad\documents\visual studio 2013\projects\spacesimulator\spacesimulator\debug\simpleline.obj
c:\users\chad\documents\visual studio 2013\projects\spacesimulator\spacesimulator\debug\spacelistener.obj
c:\users\chad\documents\visual studio 2013\projects\spacesimulator\spacesimulator\debug\spacesimulator.obj
c:\users\chad\documents\visual studio 2013\projects\spacesimulator\spacesimulator\debug\texturedsphere.obj
c:\users\chad\documents\visual studio 2013\projects\spacesimulator\spacesimulator\debug\texturedtetra.obj
c:\users\chad\documents\visual studio 2013\projects\spacesimulator\spacesimulator\debug\tscenelistener.obj
c:\users\chad\documents\visual studio 2013\projects\spacesimulator\spacesimulator\debug\shadermanager.obj
c:\users\chad\documents\visual studio 2013\projects\spacesimulator\spacesimulator\debug\texturedcube.obj
c:\users\chad\documents\visual studio 2013\projects\spacesimulator\spacesimulator\debug\textureloader.obj
c:\users\chad\documents\visual studio 2013\projects\spacesimulator\spacesimulator\debug\cameramanager.obj
c:\users\chad\documents\visual studio 2013\projects\spacesimulator\spacesimulator\debug\engine.obj
c:\users\chad\documents\visual studio 2013\projects\spacesimulator\spacesimulator\debug\spacesimulator.res
c:\users\chad\documents\visual studio 2013\projects\spacesimulator\debug\spacesimulator.pdb
c:\users\chad\documents\visual studio 2013\projects\spacesimulator\spacesimulator\debug\spacesimulator.tlog\cl.command.1.tlog
c:\users\chad\documents\visual studio 2013\projects\spacesimulator\spacesimulator\debug\spacesimulator.tlog\cl.read.1.tlog
c:\users\chad\documents\visual studio 2013\projects\spacesimulator\spacesimulator\debug\spacesimulator.tlog\cl.write.1.tlog
c:\users\chad\documents\visual studio 2013\projects\spacesimulator\spacesimulator\debug\spacesimulator.tlog\link.command.1.tlog
c:\users\chad\documents\visual studio 2013\projects\spacesimulator\spacesimulator\debug\spacesimulator.tlog\link.read.1.tlog
c:\users\chad\documents\visual studio 2013\projects\spacesimulator\spacesimulator\debug\spacesimulator.tlog\link.write.1.tlog
c:\users\chad\documents\visual studio 2013\projects\spacesimulator\spacesimulator\debug\spacesimulator.tlog\rc.command.1.tlog
c:\users\chad\documents\visual studio 2013\projects\spacesimulator\spacesimulator\debug\spacesimulator.tlog\rc.read.1.tlog
c:\users\chad\documents\visual studio 2013\projects\spacesimulator\spacesimulator\debug\spacesimulator.tlog\rc.write.1.tlog
